<?xml version="1.0" encoding="UTF-8"?>
<!-- Generated by org.testng.reporters.JUnitReportReporter -->
<testsuite hostname="Akeem" failures="0" tests="4" name="testcases.TC3" time="37.728" errors="0" timestamp="2023-01-29T09:41:22 CST" skipped="1">
  <testcase classname="testcases.TC3" name="presetup" time="29.009"/>
  <system-out/>
  <testcase classname="testcases.TC3" name="navigatetestingformpage" time="8.370"/>
  <system-out/>
  <testcase classname="testcases.TC3" name="formfill" time="0.000">
    <skipped/>
  </testcase> <!-- formfill -->
  <system-out/>
  <testcase classname="testcases.TC3" name="closesbrowser" time="0.349"/>
  <system-out/>
</testsuite> <!-- testcases.TC3 -->
