<?xml version="1.0" encoding="UTF-8"?>
<!-- Generated by org.testng.reporters.JUnitReportReporter -->
<testsuite hostname="Akeem" failures="0" tests="13" name="testcases.TC5" time="86.161" errors="0" timestamp="2023-03-04T17:40:37 CST" skipped="0">
  <testcase classname="testcases.TC5" name="presetup" time="4.864"/>
  <system-out/>
  <testcase classname="testcases.TC5" name="navigatetestingformpage" time="2.401"/>
  <system-out/>
  <testcase classname="testcases.TC5" name="formfill" time="14.834"/>
  <system-out/>
  <testcase classname="testcases.TC5" name="formfill" time="1.397"/>
  <system-out/>
  <testcase classname="testcases.TC5" name="formfill" time="1.612"/>
  <system-out/>
  <testcase classname="testcases.TC5" name="formfill" time="3.017"/>
  <system-out/>
  <testcase classname="testcases.TC5" name="formfill" time="11.264"/>
  <system-out/>
  <testcase classname="testcases.TC5" name="formfill" time="1.523"/>
  <system-out/>
  <testcase classname="testcases.TC5" name="formfill" time="1.238"/>
  <system-out/>
  <testcase classname="testcases.TC5" name="formfill" time="21.467"/>
  <system-out/>
  <testcase classname="testcases.TC5" name="formfill" time="0.729"/>
  <system-out/>
  <testcase classname="testcases.TC5" name="formfill" time="21.311"/>
  <system-out/>
  <testcase classname="testcases.TC5" name="closesbrowser" time="0.504"/>
  <system-out/>
</testsuite> <!-- testcases.TC5 -->
