<?xml version="1.0" encoding="UTF-8"?>
<!-- Generated by org.testng.reporters.JUnitReportReporter -->
<testsuite hostname="Akeem" failures="0" tests="1" name="testcases.TC2" time="11.868" errors="0" timestamp="2023-02-25T10:14:23 CST" skipped="0">
  <testcase classname="testcases.TC2" name="test1" time="11.868"/>
  <system-out/>
</testsuite> <!-- testcases.TC2 -->
